This is pdfTeX, Version 3.141592653-2.6-1.40.22 (TeX Live 2022/dev/Debian) (preloaded format=pdflatex 2024.5.18)  8 SEP 2024 16:17
entering extended mode
 \write18 enabled.
 file:line:error style messages enabled.
 %&-line parsing enabled.
**"/home/ramanujan/Documents/UEC_ ESTADISTICA_COMPUTACIONAL/EC_UA1_T1/ESTADISTICA_COMPUTACIONAL_UA1_T1/backup/main"
(/home/ramanujan/Documents/UEC_ ESTADISTICA_COMPUTACIONAL/EC_UA1_T1/ESTADISTICA_COMPUTACIONAL_UA1_T1/backup/main.tex
LaTeX2e <2021-11-15> patch level 1
L3 programming layer <2022-01-21>

! LaTeX Error: File `template/uem_theme.cls' not found.

Type X to quit or <RETURN> to proceed,
or enter new name. (Default extension: cls)

Enter file name: 
/home/ramanujan/Documents/UEC_ ESTADISTICA_COMPUTACIONAL/EC_UA1_T1/ESTADISTICA_COMPUTACIONAL_UA1_T1/backup/main.tex:4: Emergency stop.
<read *> 
         
l.4 ^^M
       
*** (cannot \read from terminal in nonstop modes)

 
Here is how much of TeX's memory you used:
 25 strings out of 480247
 831 string characters out of 5896151
 283961 words of memory out of 5000000
 18065 multiletter control sequences out of 15000+600000
 469259 words of font info for 28 fonts, out of 8000000 for 9000
 14 hyphenation exceptions out of 8191
 19i,0n,29p,198b,17s stack positions out of 5000i,500n,10000p,200000b,80000s
/home/ramanujan/Documents/UEC_ ESTADISTICA_COMPUTACIONAL/EC_UA1_T1/ESTADISTICA_COMPUTACIONAL_UA1_T1/backup/main.tex:4:  ==> Fatal error occurred, no output PDF file produced!
