This is pdfTeX, Version 3.141592653-2.6-1.40.25 (TeX Live 2023) (preloaded format=pdflatex 2023.9.25)  2 DEC 2024 00:37
entering extended mode
 \write18 enabled.
 file:line:error style messages enabled.
 %&-line parsing enabled.
**main_servidor.tex
(./main_servidor.tex
LaTeX2e <2023-06-01> patch level 1
L3 programming layer <2023-08-29>
(c:/texlive/2023/texmf-dist/tex/latex/base/book.cls
Document Class: book 2023/05/17 v1.4n Standard LaTeX document class
(c:/texlive/2023/texmf-dist/tex/latex/base/bk10.clo
File: bk10.clo 2023/05/17 v1.4n Standard LaTeX file (size option)
)
\c@part=\count185
\c@chapter=\count186
\c@section=\count187
\c@subsection=\count188
\c@subsubsection=\count189
\c@paragraph=\count190
\c@subparagraph=\count191
\c@figure=\count192
\c@table=\count193
\abovecaptionskip=\skip48
\belowcaptionskip=\skip49
\bibindent=\dimen140
) (c:/texlive/2023/texmf-dist/tex/latex/geometry/geometry.sty
Package: geometry 2020/01/02 v5.9 Page Geometry
 (c:/texlive/2023/texmf-dist/tex/latex/graphics/keyval.sty
Package: keyval 2022/05/29 v1.15 key=value parser (DPC)
\KV@toks@=\toks17
) (c:/texlive/2023/texmf-dist/tex/generic/iftex/ifvtex.sty
Package: ifvtex 2019/10/25 v1.7 ifvtex legacy package. Use iftex instead.
 (c:/texlive/2023/texmf-dist/tex/generic/iftex/iftex.sty
Package: iftex 2022/02/03 v1.0f TeX engine tests
))
\Gm@cnth=\count194
\Gm@cntv=\count195
\c@Gm@tempcnt=\count196
\Gm@bindingoffset=\dimen141
\Gm@wd@mp=\dimen142
\Gm@odd@mp=\dimen143
\Gm@even@mp=\dimen144
\Gm@layoutwidth=\dimen145
\Gm@layoutheight=\dimen146
\Gm@layouthoffset=\dimen147
\Gm@layoutvoffset=\dimen148
\Gm@dimlist=\toks18
) (c:/texlive/2023/texmf-dist/tex/latex/base/fontenc.sty
Package: fontenc 2021/04/29 v2.0v Standard LaTeX package
) (c:/texlive/2023/texmf-dist/tex/latex/tocloft/tocloft.sty
Package: tocloft 2017/08/31 v2.3i parameterised ToC, etc., typesetting
Package tocloft Info: The document has chapter divisions on input line 51.
\cftparskip=\skip50
\cftbeforetoctitleskip=\skip51
\cftaftertoctitleskip=\skip52
\cftbeforepartskip=\skip53
\cftpartnumwidth=\skip54
\cftpartindent=\skip55
\cftbeforechapskip=\skip56
\cftchapindent=\skip57
\cftchapnumwidth=\skip58
\cftbeforesecskip=\skip59
\cftsecindent=\skip60
\cftsecnumwidth=\skip61
\cftbeforesubsecskip=\skip62
\cftsubsecindent=\skip63
\cftsubsecnumwidth=\skip64
\cftbeforesubsubsecskip=\skip65
\cftsubsubsecindent=\skip66
\cftsubsubsecnumwidth=\skip67
\cftbeforeparaskip=\skip68
\cftparaindent=\skip69
\cftparanumwidth=\skip70
\cftbeforesubparaskip=\skip71
\cftsubparaindent=\skip72
\cftsubparanumwidth=\skip73
\cftbeforeloftitleskip=\skip74
\cftafterloftitleskip=\skip75
\cftbeforefigskip=\skip76
\cftfigindent=\skip77
\cftfignumwidth=\skip78
\c@lofdepth=\count197
\c@lotdepth=\count198
\cftbeforelottitleskip=\skip79
\cftafterlottitleskip=\skip80
\cftbeforetabskip=\skip81
\cfttabindent=\skip82
\cfttabnumwidth=\skip83
) (c:/texlive/2023/texmf-dist/tex/latex/titlesec/titlesec.sty
Package: titlesec 2021/07/05 v2.14 Sectioning titles
\ttl@box=\box51
\beforetitleunit=\skip84
\aftertitleunit=\skip85
\ttl@plus=\dimen149
\ttl@minus=\dimen150
\ttl@toksa=\toks19
\titlewidth=\dimen151
\titlewidthlast=\dimen152
\titlewidthfirst=\dimen153
) (c:/texlive/2023/texmf-dist/tex/latex/natbib/natbib.sty
Package: natbib 2010/09/13 8.31b (PWD, AO)
\bibhang=\skip86
\bibsep=\skip87
LaTeX Info: Redefining \cite on input line 694.
\c@NAT@ctr=\count199
) (c:/texlive/2023/texmf-dist/tex/latex/natbib/bibentry.sty
Package: bibentry 2007/10/30 1.5 (PWD)
)
No file main_servidor.bbl.
(./utils/utiles.tex (c:/texlive/2023/texmf-dist/tex/latex/graphics/graphicx.sty
Package: graphicx 2021/09/16 v1.2d Enhanced LaTeX Graphics (DPC,SPQR)
 (c:/texlive/2023/texmf-dist/tex/latex/graphics/graphics.sty
Package: graphics 2022/03/10 v1.4e Standard LaTeX Graphics (DPC,SPQR)
 (c:/texlive/2023/texmf-dist/tex/latex/graphics/trig.sty
Package: trig 2021/08/11 v1.11 sin cos tan (DPC)
) (c:/texlive/2023/texmf-dist/tex/latex/graphics-cfg/graphics.cfg
File: graphics.cfg 2016/06/04 v1.11 sample graphics configuration
)
Package graphics Info: Driver file: pdftex.def on input line 107.
 (c:/texlive/2023/texmf-dist/tex/latex/graphics-def/pdftex.def
File: pdftex.def 2022/09/22 v1.2b Graphics/color driver for pdftex
))
\Gin@req@height=\dimen154
\Gin@req@width=\dimen155
) (c:/texlive/2023/texmf-dist/tex/latex/float/float.sty
Package: float 2001/11/08 v1.3d Float enhancements (AL)
\c@float@type=\count266
\float@exts=\toks20
\float@box=\box52
\@float@everytoks=\toks21
\@floatcapt=\box53
)) (./utils/estilo.tex (c:/texlive/2023/texmf-dist/tex/latex/fancyhdr/fancyhdr.sty
Package: fancyhdr 2022/11/09 v4.1 Extensive control of page headers and footers
\f@nch@headwidth=\skip88
\f@nch@O@elh=\skip89
\f@nch@O@erh=\skip90
\f@nch@O@olh=\skip91
\f@nch@O@orh=\skip92
\f@nch@O@elf=\skip93
\f@nch@O@erf=\skip94
\f@nch@O@olf=\skip95
\f@nch@O@orf=\skip96
)) (c:/texlive/2023/texmf-dist/tex/latex/base/inputenc.sty
Package: inputenc 2021/02/14 v1.3d Input encoding file
\inpenc@prehook=\toks22
\inpenc@posthook=\toks23
) (c:/texlive/2023/texmf-dist/tex/generic/babel/babel.sty
Package: babel 2023/09/12 v3.94 The Babel package
\babel@savecnt=\count267
\U@D=\dimen156
\l@unhyphenated=\language89
 (c:/texlive/2023/texmf-dist/tex/generic/babel/txtbabel.def)
\bbl@readstream=\read2
\bbl@dirlevel=\count268
 (c:/texlive/2023/texmf-dist/tex/generic/babel-spanish/spanish.ldf
Language: spanish.ldf 2021/05/27 v5.0q Spanish support from the babel system
\es@quottoks=\toks24
\es@quotdepth=\count269
Package babel Info: Making " an active character on input line 570.
Package babel Info: Making . an active character on input line 675.
Package babel Info: Making < an active character on input line 722.
Package babel Info: Making > an active character on input line 722.
)) (c:/texlive/2023/texmf-dist/tex/generic/babel/locale/es/babel-spanish.tex
Package babel Info: Importing font and identification data for spanish
(babel)             from babel-es.ini. Reported on input line 11.
) (c:/texlive/2023/texmf-dist/tex/latex/booktabs/booktabs.sty
Package: booktabs 2020/01/12 v1.61803398 Publication quality tables
\heavyrulewidth=\dimen157
\lightrulewidth=\dimen158
\cmidrulewidth=\dimen159
\belowrulesep=\dimen160
\belowbottomsep=\dimen161
\aboverulesep=\dimen162
\abovetopsep=\dimen163
\cmidrulesep=\dimen164
\cmidrulekern=\dimen165
\defaultaddspace=\dimen166
\@cmidla=\count270
\@cmidlb=\count271
\@aboverulesep=\dimen167
\@belowrulesep=\dimen168
\@thisruleclass=\count272
\@lastruleclass=\count273
\@thisrulewidth=\dimen169
) (c:/texlive/2023/texmf-dist/tex/latex/multirow/multirow.sty
Package: multirow 2021/03/15 v2.8 Span multiple rows of a table
\multirow@colwidth=\skip97
\multirow@cntb=\count274
\multirow@dima=\skip98
\bigstrutjot=\dimen170
) (c:/texlive/2023/texmf-dist/tex/latex/tools/multicol.sty
Package: multicol 2023/03/30 v1.9f multicolumn formatting (FMi)
\c@tracingmulticols=\count275
\mult@box=\box54
\multicol@leftmargin=\dimen171
\c@unbalance=\count276
\c@collectmore=\count277
\doublecol@number=\count278
\multicoltolerance=\count279
\multicolpretolerance=\count280
\full@width=\dimen172
\page@free=\dimen173
\premulticols=\dimen174
\postmulticols=\dimen175
\multicolsep=\skip99
\multicolbaselineskip=\skip100
\partial@page=\box55
\last@line=\box56
\mc@boxedresult=\box57
\maxbalancingoverflow=\dimen176
\mult@rightbox=\box58
\mult@grightbox=\box59
\mult@firstbox=\box60
\mult@gfirstbox=\box61
\@tempa=\box62
\@tempa=\box63
\@tempa=\box64
\@tempa=\box65
\@tempa=\box66
\@tempa=\box67
\@tempa=\box68
\@tempa=\box69
\@tempa=\box70
\@tempa=\box71
\@tempa=\box72
\@tempa=\box73
\@tempa=\box74
\@tempa=\box75
\@tempa=\box76
\@tempa=\box77
\@tempa=\box78
\@tempa=\box79
\@tempa=\box80
\@tempa=\box81
\@tempa=\box82
\@tempa=\box83
\@tempa=\box84
\@tempa=\box85
\@tempa=\box86
\@tempa=\box87
\@tempa=\box88
\@tempa=\box89
\@tempa=\box90
\@tempa=\box91
\@tempa=\box92
\@tempa=\box93
\@tempa=\box94
\@tempa=\box95
\@tempa=\box96
\@tempa=\box97
\c@minrows=\count281
\c@columnbadness=\count282
\c@finalcolumnbadness=\count283
\last@try=\dimen177
\multicolovershoot=\dimen178
\multicolundershoot=\dimen179
\mult@nat@firstbox=\box98
\colbreak@box=\box99
\mc@col@check@num=\count284
) (c:/texlive/2023/texmf-dist/tex/latex/tcolorbox/tcolorbox.sty
Package: tcolorbox 2023/06/19 version 6.0.4 text color boxes
 (c:/texlive/2023/texmf-dist/tex/latex/pgf/basiclayer/pgf.sty (c:/texlive/2023/texmf-dist/tex/latex/pgf/utilities/pgfrcs.sty (c:/texlive/2023/texmf-dist/tex/generic/pgf/utilities/pgfutil-common.tex
\pgfutil@everybye=\toks25
\pgfutil@tempdima=\dimen180
\pgfutil@tempdimb=\dimen181
) (c:/texlive/2023/texmf-dist/tex/generic/pgf/utilities/pgfutil-latex.def
\pgfutil@abb=\box100
) (c:/texlive/2023/texmf-dist/tex/generic/pgf/utilities/pgfrcs.code.tex (c:/texlive/2023/texmf-dist/tex/generic/pgf/pgf.revision.tex)
Package: pgfrcs 2023-01-15 v3.1.10 (3.1.10)
))
Package: pgf 2023-01-15 v3.1.10 (3.1.10)
 (c:/texlive/2023/texmf-dist/tex/latex/pgf/basiclayer/pgfcore.sty (c:/texlive/2023/texmf-dist/tex/latex/pgf/systemlayer/pgfsys.sty (c:/texlive/2023/texmf-dist/tex/generic/pgf/systemlayer/pgfsys.code.tex
Package: pgfsys 2023-01-15 v3.1.10 (3.1.10)
 (c:/texlive/2023/texmf-dist/tex/generic/pgf/utilities/pgfkeys.code.tex
\pgfkeys@pathtoks=\toks26
\pgfkeys@temptoks=\toks27
 (c:/texlive/2023/texmf-dist/tex/generic/pgf/utilities/pgfkeyslibraryfiltered.code.tex
\pgfkeys@tmptoks=\toks28
))
\pgf@x=\dimen182
\pgf@y=\dimen183
\pgf@xa=\dimen184
\pgf@ya=\dimen185
\pgf@xb=\dimen186
\pgf@yb=\dimen187
\pgf@xc=\dimen188
\pgf@yc=\dimen189
\pgf@xd=\dimen190
\pgf@yd=\dimen191
\w@pgf@writea=\write3
\r@pgf@reada=\read3
\c@pgf@counta=\count285
\c@pgf@countb=\count286
\c@pgf@countc=\count287
\c@pgf@countd=\count288
\t@pgf@toka=\toks29
\t@pgf@tokb=\toks30
\t@pgf@tokc=\toks31
\pgf@sys@id@count=\count289
 (c:/texlive/2023/texmf-dist/tex/generic/pgf/systemlayer/pgf.cfg
File: pgf.cfg 2023-01-15 v3.1.10 (3.1.10)
)
Driver file for pgf: pgfsys-pdftex.def
 (c:/texlive/2023/texmf-dist/tex/generic/pgf/systemlayer/pgfsys-pdftex.def
File: pgfsys-pdftex.def 2023-01-15 v3.1.10 (3.1.10)
 (c:/texlive/2023/texmf-dist/tex/generic/pgf/systemlayer/pgfsys-common-pdf.def
File: pgfsys-common-pdf.def 2023-01-15 v3.1.10 (3.1.10)
))) (c:/texlive/2023/texmf-dist/tex/generic/pgf/systemlayer/pgfsyssoftpath.code.tex
File: pgfsyssoftpath.code.tex 2023-01-15 v3.1.10 (3.1.10)
\pgfsyssoftpath@smallbuffer@items=\count290
\pgfsyssoftpath@bigbuffer@items=\count291
) (c:/texlive/2023/texmf-dist/tex/generic/pgf/systemlayer/pgfsysprotocol.code.tex
File: pgfsysprotocol.code.tex 2023-01-15 v3.1.10 (3.1.10)
)) (c:/texlive/2023/texmf-dist/tex/latex/xcolor/xcolor.sty
Package: xcolor 2022/06/12 v2.14 LaTeX color extensions (UK)
 (c:/texlive/2023/texmf-dist/tex/latex/graphics-cfg/color.cfg
File: color.cfg 2016/01/02 v1.6 sample color configuration
)
Package xcolor Info: Driver file: pdftex.def on input line 227.
 (c:/texlive/2023/texmf-dist/tex/latex/graphics/mathcolor.ltx)
Package xcolor Info: Model `cmy' substituted by `cmy0' on input line 1353.
Package xcolor Info: Model `hsb' substituted by `rgb' on input line 1357.
Package xcolor Info: Model `RGB' extended on input line 1369.
Package xcolor Info: Model `HTML' substituted by `rgb' on input line 1371.
Package xcolor Info: Model `Hsb' substituted by `hsb' on input line 1372.
Package xcolor Info: Model `tHsb' substituted by `hsb' on input line 1373.
Package xcolor Info: Model `HSB' substituted by `hsb' on input line 1374.
Package xcolor Info: Model `Gray' substituted by `gray' on input line 1375.
Package xcolor Info: Model `wave' substituted by `hsb' on input line 1376.
) (c:/texlive/2023/texmf-dist/tex/generic/pgf/basiclayer/pgfcore.code.tex
Package: pgfcore 2023-01-15 v3.1.10 (3.1.10)
 (c:/texlive/2023/texmf-dist/tex/generic/pgf/math/pgfmath.code.tex (c:/texlive/2023/texmf-dist/tex/generic/pgf/math/pgfmathutil.code.tex) (c:/texlive/2023/texmf-dist/tex/generic/pgf/math/pgfmathparser.code.tex
\pgfmath@dimen=\dimen192
\pgfmath@count=\count292
\pgfmath@box=\box101
\pgfmath@toks=\toks32
\pgfmath@stack@operand=\toks33
\pgfmath@stack@operation=\toks34
) (c:/texlive/2023/texmf-dist/tex/generic/pgf/math/pgfmathfunctions.code.tex) (c:/texlive/2023/texmf-dist/tex/generic/pgf/math/pgfmathfunctions.basic.code.tex) (c:/texlive/2023/texmf-dist/tex/generic/pgf/math/pgfmathfunctions.trigonometric.code.tex) (c:/texlive/2023/texmf-dist/tex/generic/pgf/math/pgfmathfunctions.random.code.tex) (c:/texlive/2023/texmf-dist/tex/generic/pgf/math/pgfmathfunctions.comparison.code.tex) (c:/texlive/2023/texmf-dist/tex/generic/pgf/math/pgfmathfunctions.base.code.tex) (c:/texlive/2023/texmf-dist/tex/generic/pgf/math/pgfmathfunctions.round.code.tex) (c:/texlive/2023/texmf-dist/tex/generic/pgf/math/pgfmathfunctions.misc.code.tex) (c:/texlive/2023/texmf-dist/tex/generic/pgf/math/pgfmathfunctions.integerarithmetics.code.tex) (c:/texlive/2023/texmf-dist/tex/generic/pgf/math/pgfmathcalc.code.tex) (c:/texlive/2023/texmf-dist/tex/generic/pgf/math/pgfmathfloat.code.tex
\c@pgfmathroundto@lastzeros=\count293
)) (c:/texlive/2023/texmf-dist/tex/generic/pgf/math/pgfint.code.tex) (c:/texlive/2023/texmf-dist/tex/generic/pgf/basiclayer/pgfcorepoints.code.tex
File: pgfcorepoints.code.tex 2023-01-15 v3.1.10 (3.1.10)
\pgf@picminx=\dimen193
\pgf@picmaxx=\dimen194
\pgf@picminy=\dimen195
\pgf@picmaxy=\dimen196
\pgf@pathminx=\dimen197
\pgf@pathmaxx=\dimen198
\pgf@pathminy=\dimen199
\pgf@pathmaxy=\dimen256
\pgf@xx=\dimen257
\pgf@xy=\dimen258
\pgf@yx=\dimen259
\pgf@yy=\dimen260
\pgf@zx=\dimen261
\pgf@zy=\dimen262
) (c:/texlive/2023/texmf-dist/tex/generic/pgf/basiclayer/pgfcorepathconstruct.code.tex
File: pgfcorepathconstruct.code.tex 2023-01-15 v3.1.10 (3.1.10)
\pgf@path@lastx=\dimen263
\pgf@path@lasty=\dimen264
) (c:/texlive/2023/texmf-dist/tex/generic/pgf/basiclayer/pgfcorepathusage.code.tex
File: pgfcorepathusage.code.tex 2023-01-15 v3.1.10 (3.1.10)
\pgf@shorten@end@additional=\dimen265
\pgf@shorten@start@additional=\dimen266
) (c:/texlive/2023/texmf-dist/tex/generic/pgf/basiclayer/pgfcorescopes.code.tex
File: pgfcorescopes.code.tex 2023-01-15 v3.1.10 (3.1.10)
\pgfpic=\box102
\pgf@hbox=\box103
\pgf@layerbox@main=\box104
\pgf@picture@serial@count=\count294
) (c:/texlive/2023/texmf-dist/tex/generic/pgf/basiclayer/pgfcoregraphicstate.code.tex
File: pgfcoregraphicstate.code.tex 2023-01-15 v3.1.10 (3.1.10)
\pgflinewidth=\dimen267
) (c:/texlive/2023/texmf-dist/tex/generic/pgf/basiclayer/pgfcoretransformations.code.tex
File: pgfcoretransformations.code.tex 2023-01-15 v3.1.10 (3.1.10)
\pgf@pt@x=\dimen268
\pgf@pt@y=\dimen269
\pgf@pt@temp=\dimen270
) (c:/texlive/2023/texmf-dist/tex/generic/pgf/basiclayer/pgfcorequick.code.tex
File: pgfcorequick.code.tex 2023-01-15 v3.1.10 (3.1.10)
) (c:/texlive/2023/texmf-dist/tex/generic/pgf/basiclayer/pgfcoreobjects.code.tex
File: pgfcoreobjects.code.tex 2023-01-15 v3.1.10 (3.1.10)
) (c:/texlive/2023/texmf-dist/tex/generic/pgf/basiclayer/pgfcorepathprocessing.code.tex
File: pgfcorepathprocessing.code.tex 2023-01-15 v3.1.10 (3.1.10)
) (c:/texlive/2023/texmf-dist/tex/generic/pgf/basiclayer/pgfcorearrows.code.tex
File: pgfcorearrows.code.tex 2023-01-15 v3.1.10 (3.1.10)
\pgfarrowsep=\dimen271
) (c:/texlive/2023/texmf-dist/tex/generic/pgf/basiclayer/pgfcoreshade.code.tex
File: pgfcoreshade.code.tex 2023-01-15 v3.1.10 (3.1.10)
\pgf@max=\dimen272
\pgf@sys@shading@range@num=\count295
\pgf@shadingcount=\count296
) (c:/texlive/2023/texmf-dist/tex/generic/pgf/basiclayer/pgfcoreimage.code.tex
File: pgfcoreimage.code.tex 2023-01-15 v3.1.10 (3.1.10)
) (c:/texlive/2023/texmf-dist/tex/generic/pgf/basiclayer/pgfcoreexternal.code.tex
File: pgfcoreexternal.code.tex 2023-01-15 v3.1.10 (3.1.10)
\pgfexternal@startupbox=\box105
) (c:/texlive/2023/texmf-dist/tex/generic/pgf/basiclayer/pgfcorelayers.code.tex
File: pgfcorelayers.code.tex 2023-01-15 v3.1.10 (3.1.10)
) (c:/texlive/2023/texmf-dist/tex/generic/pgf/basiclayer/pgfcoretransparency.code.tex
File: pgfcoretransparency.code.tex 2023-01-15 v3.1.10 (3.1.10)
) (c:/texlive/2023/texmf-dist/tex/generic/pgf/basiclayer/pgfcorepatterns.code.tex
File: pgfcorepatterns.code.tex 2023-01-15 v3.1.10 (3.1.10)
) (c:/texlive/2023/texmf-dist/tex/generic/pgf/basiclayer/pgfcorerdf.code.tex
File: pgfcorerdf.code.tex 2023-01-15 v3.1.10 (3.1.10)
))) (c:/texlive/2023/texmf-dist/tex/generic/pgf/modules/pgfmoduleshapes.code.tex
File: pgfmoduleshapes.code.tex 2023-01-15 v3.1.10 (3.1.10)
\pgfnodeparttextbox=\box106
) (c:/texlive/2023/texmf-dist/tex/generic/pgf/modules/pgfmoduleplot.code.tex
File: pgfmoduleplot.code.tex 2023-01-15 v3.1.10 (3.1.10)
) (c:/texlive/2023/texmf-dist/tex/latex/pgf/compatibility/pgfcomp-version-0-65.sty
Package: pgfcomp-version-0-65 2023-01-15 v3.1.10 (3.1.10)
\pgf@nodesepstart=\dimen273
\pgf@nodesepend=\dimen274
) (c:/texlive/2023/texmf-dist/tex/latex/pgf/compatibility/pgfcomp-version-1-18.sty
Package: pgfcomp-version-1-18 2023-01-15 v3.1.10 (3.1.10)
)) (c:/texlive/2023/texmf-dist/tex/latex/tools/verbatim.sty
Package: verbatim 2022-07-02 v1.5u LaTeX2e package for verbatim enhancements
\every@verbatim=\toks35
\verbatim@line=\toks36
\verbatim@in@stream=\read4
) (c:/texlive/2023/texmf-dist/tex/latex/environ/environ.sty
Package: environ 2014/05/04 v0.3 A new way to define environments
 (c:/texlive/2023/texmf-dist/tex/latex/trimspaces/trimspaces.sty
Package: trimspaces 2009/09/17 v1.1 Trim spaces around a token list
)
\@envbody=\toks37
) (c:/texlive/2023/texmf-dist/tex/latex/etoolbox/etoolbox.sty
Package: etoolbox 2020/10/05 v2.5k e-TeX tools for LaTeX (JAW)
\etb@tempcnta=\count297
)
\tcb@titlebox=\box107
\tcb@upperbox=\box108
\tcb@lowerbox=\box109
\tcb@phantombox=\box110
\c@tcbbreakpart=\count298
\c@tcblayer=\count299
\c@tcolorbox@number=\count300
\tcb@temp=\box111
\tcb@temp=\box112
\tcb@temp=\box113
\tcb@temp=\box114
 (c:/texlive/2023/texmf-dist/tex/latex/tcolorbox/tcbraster.code.tex
Library (tcolorbox): 'tcbraster.code.tex' version '6.0.4'
\c@tcbrastercolumn=\count301
\c@tcbrasterrow=\count302
\c@tcbrasternum=\count303
\c@tcbraster=\count304
) (c:/texlive/2023/texmf-dist/tex/latex/tcolorbox/tcbskins.code.tex
Library (tcolorbox): 'tcbskins.code.tex' version '6.0.4'
(c:/texlive/2023/texmf-dist/tex/latex/pgf/frontendlayer/tikz.sty (c:/texlive/2023/texmf-dist/tex/latex/pgf/utilities/pgffor.sty (c:/texlive/2023/texmf-dist/tex/latex/pgf/utilities/pgfkeys.sty (c:/texlive/2023/texmf-dist/tex/generic/pgf/utilities/pgfkeys.code.tex)) (c:/texlive/2023/texmf-dist/tex/latex/pgf/math/pgfmath.sty (c:/texlive/2023/texmf-dist/tex/generic/pgf/math/pgfmath.code.tex)) (c:/texlive/2023/texmf-dist/tex/generic/pgf/utilities/pgffor.code.tex
Package: pgffor 2023-01-15 v3.1.10 (3.1.10)
\pgffor@iter=\dimen275
\pgffor@skip=\dimen276
\pgffor@stack=\toks38
\pgffor@toks=\toks39
)) (c:/texlive/2023/texmf-dist/tex/generic/pgf/frontendlayer/tikz/tikz.code.tex
Package: tikz 2023-01-15 v3.1.10 (3.1.10)
 (c:/texlive/2023/texmf-dist/tex/generic/pgf/libraries/pgflibraryplothandlers.code.tex
File: pgflibraryplothandlers.code.tex 2023-01-15 v3.1.10 (3.1.10)
\pgf@plot@mark@count=\count305
\pgfplotmarksize=\dimen277
)
\tikz@lastx=\dimen278
\tikz@lasty=\dimen279
\tikz@lastxsaved=\dimen280
\tikz@lastysaved=\dimen281
\tikz@lastmovetox=\dimen282
\tikz@lastmovetoy=\dimen283
\tikzleveldistance=\dimen284
\tikzsiblingdistance=\dimen285
\tikz@figbox=\box115
\tikz@figbox@bg=\box116
\tikz@tempbox=\box117
\tikz@tempbox@bg=\box118
\tikztreelevel=\count306
\tikznumberofchildren=\count307
\tikznumberofcurrentchild=\count308
\tikz@fig@count=\count309
 (c:/texlive/2023/texmf-dist/tex/generic/pgf/modules/pgfmodulematrix.code.tex
File: pgfmodulematrix.code.tex 2023-01-15 v3.1.10 (3.1.10)
\pgfmatrixcurrentrow=\count310
\pgfmatrixcurrentcolumn=\count311
\pgf@matrix@numberofcolumns=\count312
)
\tikz@expandcount=\count313
 (c:/texlive/2023/texmf-dist/tex/generic/pgf/frontendlayer/tikz/libraries/tikzlibrarytopaths.code.tex
File: tikzlibrarytopaths.code.tex 2023-01-15 v3.1.10 (3.1.10)
))) (c:/texlive/2023/texmf-dist/tex/latex/tikzfill/tikzfill.image.sty
Package: tikzfill.image 2023/08/08 v1.0.1 Image filling library for TikZ
 (c:/texlive/2023/texmf-dist/tex/latex/tikzfill/tikzfill-common.sty
Package: tikzfill-common 2023/08/08 v1.0.1 Auxiliary code for tikzfill
) (c:/texlive/2023/texmf-dist/tex/latex/tikzfill/tikzlibraryfill.image.code.tex
File: tikzlibraryfill.image.code.tex 2023/08/08 v1.0.1 Image filling library
\l__tikzfill_img_box=\box119
)) (c:/texlive/2023/texmf-dist/tex/latex/tcolorbox/tcbskinsjigsaw.code.tex
Library (tcolorbox): 'tcbskinsjigsaw.code.tex' version '6.0.4'
)) (c:/texlive/2023/texmf-dist/tex/latex/tcolorbox/tcbbreakable.code.tex
Library (tcolorbox): 'tcbbreakable.code.tex' version '6.0.4'
(c:/texlive/2023/texmf-dist/tex/latex/pdfcol/pdfcol.sty
Package: pdfcol 2022-09-21 v1.7 Handle new color stacks for pdfTeX (HO)
 (c:/texlive/2023/texmf-dist/tex/generic/ltxcmds/ltxcmds.sty
Package: ltxcmds 2020-05-10 v1.25 LaTeX kernel commands for general use (HO)
) (c:/texlive/2023/texmf-dist/tex/generic/infwarerr/infwarerr.sty
Package: infwarerr 2019/12/03 v1.5 Providing info/warning/error messages (HO)
))
Package pdfcol Info: New color stack `tcb@breakable' = 1 on input line 23.
\tcb@testbox=\box120
\tcb@totalupperbox=\box121
\tcb@totallowerbox=\box122
) (c:/texlive/2023/texmf-dist/tex/latex/tcolorbox/tcbhooks.code.tex
Library (tcolorbox): 'tcbhooks.code.tex' version '6.0.4'
) (c:/texlive/2023/texmf-dist/tex/latex/tcolorbox/tcbtheorems.code.tex
Library (tcolorbox): 'tcbtheorems.code.tex' version '6.0.4'
(c:/texlive/2023/texmf-dist/tex/latex/amsmath/amsmath.sty
Package: amsmath 2023/05/13 v2.17o AMS math features
\@mathmargin=\skip101

For additional information on amsmath, use the `?' option.
(c:/texlive/2023/texmf-dist/tex/latex/amsmath/amstext.sty
Package: amstext 2021/08/26 v2.01 AMS text
 (c:/texlive/2023/texmf-dist/tex/latex/amsmath/amsgen.sty
File: amsgen.sty 1999/11/30 v2.0 generic functions
\@emptytoks=\toks40
\ex@=\dimen286
)) (c:/texlive/2023/texmf-dist/tex/latex/amsmath/amsbsy.sty
Package: amsbsy 1999/11/29 v1.2d Bold Symbols
\pmbraise@=\dimen287
) (c:/texlive/2023/texmf-dist/tex/latex/amsmath/amsopn.sty
Package: amsopn 2022/04/08 v2.04 operator names
)
\inf@bad=\count314
LaTeX Info: Redefining \frac on input line 234.
\uproot@=\count315
\leftroot@=\count316
LaTeX Info: Redefining \overline on input line 399.
LaTeX Info: Redefining \colon on input line 410.
\classnum@=\count317
\DOTSCASE@=\count318
LaTeX Info: Redefining \ldots on input line 496.
LaTeX Info: Redefining \dots on input line 499.
LaTeX Info: Redefining \cdots on input line 620.
\Mathstrutbox@=\box123
\strutbox@=\box124
LaTeX Info: Redefining \big on input line 722.
LaTeX Info: Redefining \Big on input line 723.
LaTeX Info: Redefining \bigg on input line 724.
LaTeX Info: Redefining \Bigg on input line 725.
\big@size=\dimen288
LaTeX Font Info:    Redeclaring font encoding OML on input line 743.
LaTeX Font Info:    Redeclaring font encoding OMS on input line 744.
\macc@depth=\count319
LaTeX Info: Redefining \bmod on input line 905.
LaTeX Info: Redefining \pmod on input line 910.
LaTeX Info: Redefining \smash on input line 940.
LaTeX Info: Redefining \relbar on input line 970.
LaTeX Info: Redefining \Relbar on input line 971.
\c@MaxMatrixCols=\count320
\dotsspace@=\muskip16
\c@parentequation=\count321
\dspbrk@lvl=\count322
\tag@help=\toks41
\row@=\count323
\column@=\count324
\maxfields@=\count325
\andhelp@=\toks42
\eqnshift@=\dimen289
\alignsep@=\dimen290
\tagshift@=\dimen291
\tagwidth@=\dimen292
\totwidth@=\dimen293
\lineht@=\dimen294
\@envbody=\toks43
\multlinegap=\skip102
\multlinetaggap=\skip103
\mathdisplay@stack=\toks44
LaTeX Info: Redefining \[ on input line 2953.
LaTeX Info: Redefining \] on input line 2954.
)) (c:/texlive/2023/texmf-dist/tex/latex/tcolorbox/tcbfitting.code.tex
Library (tcolorbox): 'tcbfitting.code.tex' version '6.0.4'
\tcbfitdim=\dimen295
\tcb@lowerfitdim=\dimen296
\tcb@upperfitdim=\dimen297
\tcb@cur@hbadness=\count326
) (c:/texlive/2023/texmf-dist/tex/latex/tcolorbox/tcblistingsutf8.code.tex
Library (tcolorbox): 'tcblistingsutf8.code.tex' version '6.0.4'
(c:/texlive/2023/texmf-dist/tex/latex/tcolorbox/tcblistings.code.tex
Library (tcolorbox): 'tcblistings.code.tex' version '6.0.4'
(c:/texlive/2023/texmf-dist/tex/latex/listings/listings.sty
\lst@mode=\count327
\lst@gtempboxa=\box125
\lst@token=\toks45
\lst@length=\count328
\lst@currlwidth=\dimen298
\lst@column=\count329
\lst@pos=\count330
\lst@lostspace=\dimen299
\lst@width=\dimen300
\lst@newlines=\count331
\lst@lineno=\count332
\lst@maxwidth=\dimen301
 (c:/texlive/2023/texmf-dist/tex/latex/listings/lstmisc.sty
File: lstmisc.sty 2023/02/27 1.9 (Carsten Heinz)
\c@lstnumber=\count333
\lst@skipnumbers=\count334
\lst@framebox=\box126
) (c:/texlive/2023/texmf-dist/tex/latex/listings/listings.cfg
File: listings.cfg 2023/02/27 1.9 listings configuration
))
Package: listings 2023/02/27 1.9 (Carsten Heinz)
 (c:/texlive/2023/texmf-dist/tex/latex/tcolorbox/tcblistingscore.code.tex
Library (tcolorbox): 'tcblistingscore.code.tex' version '6.0.4'
(c:/texlive/2023/texmf-dist/tex/latex/tcolorbox/tcbprocessing.code.tex
Library (tcolorbox): 'tcbprocessing.code.tex' version '6.0.4'
(c:/texlive/2023/texmf-dist/tex/generic/pdftexcmds/pdftexcmds.sty
Package: pdftexcmds 2020-06-27 v0.33 Utility functions of pdfTeX for LuaTeX (HO)
Package pdftexcmds Info: \pdf@primitive is available.
Package pdftexcmds Info: \pdf@ifprimitive is available.
Package pdftexcmds Info: \pdfdraftmode found.
) (c:/texlive/2023/texmf-dist/tex/latex/tools/shellesc.sty
Package: shellesc 2023/04/15 v1.0d unified shell escape interface for LaTeX
Package shellesc Info: Unrestricted shell escape enabled on input line 75.
))
\c@tcblisting=\count335
)) (c:/texlive/2023/texmf-dist/tex/latex/listingsutf8/listingsutf8.sty
Package: listingsutf8 2019-12-10 v1.5 Allow UTF-8 in listings input (HO)
 (c:/texlive/2023/texmf-dist/tex/generic/stringenc/stringenc.sty
Package: stringenc 2019/11/29 v1.12 Convert strings between diff. encodings (HO)
 (c:/texlive/2023/texmf-dist/tex/generic/pdfescape/pdfescape.sty
Package: pdfescape 2019/12/09 v1.15 Implements pdfTeX's escape features (HO)
)))) (c:/texlive/2023/texmf-dist/tex/latex/tcolorbox/tcbexternal.code.tex
Library (tcolorbox): 'tcbexternal.code.tex' version '6.0.4'
) (c:/texlive/2023/texmf-dist/tex/latex/tcolorbox/tcbmagazine.code.tex
Library (tcolorbox): 'tcbmagazine.code.tex' version '6.0.4'
) (c:/texlive/2023/texmf-dist/tex/latex/tcolorbox/tcbvignette.code.tex
Library (tcolorbox): 'tcbvignette.code.tex' version '6.0.4'
(c:/texlive/2023/texmf-dist/tex/generic/pgf/frontendlayer/tikz/libraries/tikzlibraryfadings.code.tex
File: tikzlibraryfadings.code.tex 2023-01-15 v3.1.10 (3.1.10)
 (c:/texlive/2023/texmf-dist/tex/generic/pgf/libraries/pgflibraryfadings.code.tex
File: pgflibraryfadings.code.tex 2023-01-15 v3.1.10 (3.1.10)
))) (c:/texlive/2023/texmf-dist/tex/latex/tcolorbox/tcbposter.code.tex
Library (tcolorbox): 'tcbposter.code.tex' version '6.0.4'
)) (c:/texlive/2023/texmf-dist/tex/latex/amscls/amsthm.sty
Package: amsthm 2020/05/29 v2.20.6
\thm@style=\toks46
\thm@bodyfont=\toks47
\thm@headfont=\toks48
\thm@notefont=\toks49
\thm@headpunct=\toks50
\thm@preskip=\skip104
\thm@postskip=\skip105
\thm@headsep=\skip106
\dth@everypar=\toks51
)
\c@theorem=\count336
 (c:/texlive/2023/texmf-dist/tex/latex/minted/minted.sty
Package: minted 2023/09/12 v2.8 Yet another Pygments shim for LaTeX
 (c:/texlive/2023/texmf-dist/tex/latex/kvoptions/kvoptions.sty
Package: kvoptions 2022-06-15 v3.15 Key value format for package options (HO)
 (c:/texlive/2023/texmf-dist/tex/latex/kvsetkeys/kvsetkeys.sty
Package: kvsetkeys 2022-10-05 v1.19 Key value parser (HO)
)) (c:/texlive/2023/texmf-dist/tex/latex/fvextra/fvextra.sty
Package: fvextra 2022/11/30 v1.5 fvextra - extensions and patches for fancyvrb
 (c:/texlive/2023/texmf-dist/tex/latex/fancyvrb/fancyvrb.sty
Package: fancyvrb 2023/01/19 4.5a verbatim text (tvz,hv)
\FV@CodeLineNo=\count337
\FV@InFile=\read5
\FV@TabBox=\box127
\c@FancyVerbLine=\count338
\FV@StepNumber=\count339
\FV@OutFile=\write4
) (c:/texlive/2023/texmf-dist/tex/latex/upquote/upquote.sty
Package: upquote 2012/04/19 v1.3 upright-quote and grave-accent glyphs in verbatim
 (c:/texlive/2023/texmf-dist/tex/latex/base/textcomp.sty
Package: textcomp 2020/02/02 v2.0n Standard LaTeX package
)) (c:/texlive/2023/texmf-dist/tex/latex/lineno/lineno.sty
Package: lineno 2023/05/20 line numbers on paragraphs v5.3
\linenopenalty=\count340
\output=\toks52
\linenoprevgraf=\count341
\linenumbersep=\dimen302
\linenumberwidth=\dimen303
\c@linenumber=\count342
\c@pagewiselinenumber=\count343
\c@LN@truepage=\count344
\c@internallinenumber=\count345
\c@internallinenumbers=\count346
\quotelinenumbersep=\dimen304
\bframerule=\dimen305
\bframesep=\dimen306
\bframebox=\box128
\linenoamsmath@ams@eqpen=\count347
LaTeX Info: Redefining \\ on input line 3180.
)
\c@FV@TrueTabGroupLevel=\count348
\c@FV@TrueTabCounter=\count349
\FV@TabBox@Group=\box129
\FV@TmpLength=\skip107
\c@FV@HighlightLinesStart=\count350
\c@FV@HighlightLinesStop=\count351
\FV@LoopCount=\count352
\FV@NCharsBox=\box130
\FV@BreakIndent=\dimen307
\FV@BreakIndentNChars=\count353
\FV@BreakSymbolSepLeft=\dimen308
\FV@BreakSymbolSepLeftNChars=\count354
\FV@BreakSymbolSepRight=\dimen309
\FV@BreakSymbolSepRightNChars=\count355
\FV@BreakSymbolIndentLeft=\dimen310
\FV@BreakSymbolIndentLeftNChars=\count356
\FV@BreakSymbolIndentRight=\dimen311
\FV@BreakSymbolIndentRightNChars=\count357
\c@FancyVerbLineBreakLast=\count358
\FV@LineBox=\box131
\FV@LineIndentBox=\box132
\c@FV@BreakBufferDepth=\count359
\FV@LineWidth=\dimen312
) (c:/texlive/2023/texmf-dist/tex/latex/base/ifthen.sty
Package: ifthen 2022/04/13 v1.1d Standard LaTeX ifthen package (DPC)
) (c:/texlive/2023/texmf-dist/tex/latex/ifplatform/ifplatform.sty
Package: ifplatform 2017/10/13 v0.4a Testing for the operating system
 (c:/texlive/2023/texmf-dist/tex/generic/catchfile/catchfile.sty
Package: catchfile 2019/12/09 v1.8 Catch the contents of a file (HO)
 (c:/texlive/2023/texmf-dist/tex/generic/etexcmds/etexcmds.sty
Package: etexcmds 2019/12/15 v1.7 Avoid name clashes with e-TeX commands (HO)
)) (c:/texlive/2023/texmf-dist/tex/generic/iftex/ifluatex.sty
Package: ifluatex 2019/10/25 v1.5 ifluatex legacy package. Use iftex instead.
)) (c:/texlive/2023/texmf-dist/tex/generic/xstring/xstring.sty (c:/texlive/2023/texmf-dist/tex/generic/xstring/xstring.tex
\xs_counta=\count360
\xs_countb=\count361
)
Package: xstring 2023/08/22 v1.86 String manipulations (CT)
) (c:/texlive/2023/texmf-dist/tex/latex/framed/framed.sty
Package: framed 2011/10/22 v 0.96: framed or shaded text with page breaks
\OuterFrameSep=\skip108
\fb@frw=\dimen313
\fb@frh=\dimen314
\FrameRule=\dimen315
\FrameSep=\dimen316
)
\minted@appexistsfile=\read6
\minted@bgbox=\box133
\minted@code=\write5
\c@minted@FancyVerbLineTemp=\count362
\c@minted@pygmentizecounter=\count363
\@float@every@listing=\toks53
\c@listing=\count364
)
runsystem(if not exist _minted-main_servidor mkdir _minted-main_servidor)...executed.

 (c:/texlive/2023/texmf-dist/tex/latex/hyperref/hyperref.sty
Package: hyperref 2023-07-08 v7.01b Hypertext links for LaTeX
 (c:/texlive/2023/texmf-dist/tex/generic/kvdefinekeys/kvdefinekeys.sty
Package: kvdefinekeys 2019-12-19 v1.6 Define keys (HO)
) (c:/texlive/2023/texmf-dist/tex/latex/hycolor/hycolor.sty
Package: hycolor 2020-01-27 v1.10 Color options for hyperref/bookmark (HO)
) (c:/texlive/2023/texmf-dist/tex/latex/letltxmacro/letltxmacro.sty
Package: letltxmacro 2019/12/03 v1.6 Let assignment for LaTeX macros (HO)
) (c:/texlive/2023/texmf-dist/tex/latex/auxhook/auxhook.sty
Package: auxhook 2019-12-17 v1.6 Hooks for auxiliary files (HO)
) (c:/texlive/2023/texmf-dist/tex/latex/hyperref/nameref.sty
Package: nameref 2023-08-07 v2.53 Cross-referencing by name of section
 (c:/texlive/2023/texmf-dist/tex/latex/refcount/refcount.sty
Package: refcount 2019/12/15 v3.6 Data extraction from label references (HO)
) (c:/texlive/2023/texmf-dist/tex/generic/gettitlestring/gettitlestring.sty
Package: gettitlestring 2019/12/15 v1.6 Cleanup title references (HO)
)
\c@section@level=\count365
)
\@linkdim=\dimen317
\Hy@linkcounter=\count366
\Hy@pagecounter=\count367
 (c:/texlive/2023/texmf-dist/tex/latex/hyperref/pd1enc.def
File: pd1enc.def 2023-07-08 v7.01b Hyperref: PDFDocEncoding definition (HO)
Now handling font encoding PD1 ...
... no UTF-8 mapping file for font encoding PD1
) (c:/texlive/2023/texmf-dist/tex/generic/intcalc/intcalc.sty
Package: intcalc 2019/12/15 v1.3 Expandable calculations with integers (HO)
)
\Hy@SavedSpaceFactor=\count368
 (c:/texlive/2023/texmf-dist/tex/latex/hyperref/puenc.def
File: puenc.def 2023-07-08 v7.01b Hyperref: PDF Unicode definition (HO)
Now handling font encoding PU ...
... no UTF-8 mapping file for font encoding PU
)
Package hyperref Info: Hyper figures OFF on input line 4167.
Package hyperref Info: Link nesting OFF on input line 4172.
Package hyperref Info: Hyper index ON on input line 4175.
Package hyperref Info: Plain pages OFF on input line 4182.
Package hyperref Info: Backreferencing OFF on input line 4187.
Package hyperref Info: Implicit mode ON; LaTeX internals redefined.
Package hyperref Info: Bookmarks ON on input line 4434.
\c@Hy@tempcnt=\count369
 (c:/texlive/2023/texmf-dist/tex/latex/url/url.sty
\Urlmuskip=\muskip17
Package: url 2013/09/16  ver 3.4  Verb mode for urls, etc.
)
LaTeX Info: Redefining \url on input line 4772.
\XeTeXLinkMargin=\dimen318
 (c:/texlive/2023/texmf-dist/tex/generic/bitset/bitset.sty
Package: bitset 2019/12/09 v1.3 Handle bit-vector datatype (HO)
 (c:/texlive/2023/texmf-dist/tex/generic/bigintcalc/bigintcalc.sty
Package: bigintcalc 2019/12/15 v1.5 Expandable calculations on big integers (HO)
))
\Fld@menulength=\count370
\Field@Width=\dimen319
\Fld@charsize=\dimen320
Package hyperref Info: Hyper figures OFF on input line 6051.
Package hyperref Info: Link nesting OFF on input line 6056.
Package hyperref Info: Hyper index ON on input line 6059.
Package hyperref Info: backreferencing OFF on input line 6066.
Package hyperref Info: Link coloring OFF on input line 6071.
Package hyperref Info: Link coloring with OCG OFF on input line 6076.
Package hyperref Info: PDF/A mode OFF on input line 6081.
 (c:/texlive/2023/texmf-dist/tex/latex/base/atbegshi-ltx.sty
Package: atbegshi-ltx 2021/01/10 v1.0c Emulation of the original atbegshi
package with kernel methods
)
\Hy@abspage=\count371
\c@Item=\count372
\c@Hfootnote=\count373
)
Package hyperref Info: Driver (autodetected): hpdftex.
 (c:/texlive/2023/texmf-dist/tex/latex/hyperref/hpdftex.def
File: hpdftex.def 2023-07-08 v7.01b Hyperref driver for pdfTeX
 (c:/texlive/2023/texmf-dist/tex/latex/base/atveryend-ltx.sty
Package: atveryend-ltx 2020/08/19 v1.0a Emulation of the original atveryend package
with kernel methods
)
\Fld@listcount=\count374
\c@bookmark@seq@number=\count375
 (c:/texlive/2023/texmf-dist/tex/latex/rerunfilecheck/rerunfilecheck.sty
Package: rerunfilecheck 2022-07-10 v1.10 Rerun checks for auxiliary files (HO)
 (c:/texlive/2023/texmf-dist/tex/generic/uniquecounter/uniquecounter.sty
Package: uniquecounter 2019/12/15 v1.4 Provide unlimited unique counter (HO)
)
Package uniquecounter Info: New unique counter `rerunfilecheck' on input line 285.
)
\Hy@SectionHShift=\skip109
)
Package hyperref Info: Option `colorlinks' set `true' on input line 66.
 (c:/texlive/2023/texmf-dist/tex/latex/appendix/appendix.sty
Package: appendix 2020/02/08 v1.2c extra appendix facilities
\c@@pps=\count376
\c@@ppsavesec=\count377
\c@@ppsaveapp=\count378
) (c:/texlive/2023/texmf-dist/tex/latex/glossaries/base/glossaries.sty
Package: glossaries 2022/11/03 v4.52 (NLCT)
 (c:/texlive/2023/texmf-dist/tex/latex/xkeyval/xkeyval.sty
Package: xkeyval 2022/06/16 v2.9 package option processing (HA)
 (c:/texlive/2023/texmf-dist/tex/generic/xkeyval/xkeyval.tex (c:/texlive/2023/texmf-dist/tex/generic/xkeyval/xkvutils.tex
\XKV@toks=\toks54
\XKV@tempa@toks=\toks55
)
\XKV@depth=\count379
File: xkeyval.tex 2014/12/03 v2.7a key=value parser (HA)
)) (c:/texlive/2023/texmf-dist/tex/latex/mfirstuc/mfirstuc.sty
Package: mfirstuc 2022/10/14 v2.08 (NLCT)
\@glsmfirst=\toks56
\@glsmrest=\toks57
) (c:/texlive/2023/texmf-dist/tex/latex/xfor/xfor.sty
Package: xfor 2009/02/05 v1.05 (NLCT)
) (c:/texlive/2023/texmf-dist/tex/latex/datatool/datatool-base.sty
Package: datatool-base 2019/09/27 v2.32 (NLCT)
 (c:/texlive/2023/texmf-dist/tex/latex/substr/substr.sty
Package: substr 2009/10/20 v1.2 Handle substrings
\c@su@anzahl=\count380
) (c:/texlive/2023/texmf-dist/tex/latex/datatool/datatool-fp.sty
Package: datatool-fp 2019/09/27 v2.32 (NLCT)
 (c:/texlive/2023/texmf-dist/tex/latex/fp/fp.sty
Package: fp 1995/04/02
 `Fixed Point Package', Version 0.8, April 2, 1995 (C) Michael Mehlich (c:/texlive/2023/texmf-dist/tex/latex/fp/defpattern.sty
Package: defpattern 1994/10/12
\actioncount=\count381
) (c:/texlive/2023/texmf-dist/tex/latex/fp/fp-basic.sty
Package: fp-basic 1996/05/13
\FP@xs=\count382
\FP@xia=\count383
\FP@xib=\count384
\FP@xfa=\count385
\FP@xfb=\count386
\FP@rega=\count387
\FP@regb=\count388
\FP@regs=\count389
\FP@times=\count390
) (c:/texlive/2023/texmf-dist/tex/latex/fp/fp-addons.sty
Package: fp-addons 1995/03/15
) (c:/texlive/2023/texmf-dist/tex/latex/fp/fp-snap.sty
Package: fp-snap 1995/04/05
) (c:/texlive/2023/texmf-dist/tex/latex/fp/fp-exp.sty
Package: fp-exp 1995/04/03
) (c:/texlive/2023/texmf-dist/tex/latex/fp/fp-trigo.sty
Package: fp-trigo 1995/04/14
) (c:/texlive/2023/texmf-dist/tex/latex/fp/fp-pas.sty
Package: fp-pas 1994/08/29
) (c:/texlive/2023/texmf-dist/tex/latex/fp/fp-random.sty
Package: fp-random 1995/02/23
\FPseed=\count391
) (c:/texlive/2023/texmf-dist/tex/latex/fp/fp-eqn.sty
Package: fp-eqn 1995/04/03
) (c:/texlive/2023/texmf-dist/tex/latex/fp/fp-upn.sty
Package: fp-upn 1996/10/21
) (c:/texlive/2023/texmf-dist/tex/latex/fp/fp-eval.sty
Package: fp-eval 1995/04/03
)))
\@dtl@toks=\toks58
\@dtl@tmpcount=\count392
\dtl@tmplength=\skip110
\dtl@sortresult=\count393
\@dtl@numgrpsepcount=\count394
\@dtl@datatype=\count395
\dtl@codeA=\count396
\dtl@codeB=\count397
\@dtl@foreach@level=\count398
) (c:/texlive/2023/texmf-dist/tex/latex/tracklang/tracklang.sty
Package: tracklang 2022/12/13 v1.6.1 (NLCT) Track Languages
 (c:/texlive/2023/texmf-dist/tex/generic/tracklang/tracklang.tex)) (c:/texlive/2023/texmf-dist/tex/latex/translator/translator.sty
Package: translator 2021-05-31 v1.12d Easy translation of strings in LaTeX
) (c:/texlive/2023/texmf-dist/tex/latex/glossaries-spanish/glossaries-spanish.ldf
File: glossaries-spanish.ldf 2014/11/23 v1.0
 (c:/texlive/2023/texmf-dist/tex/latex/glossaries-spanish/glossaries-spanish-utf8.ldf))
\gls@level=\count399
\@gls@tmpb=\toks59
\gls@tmplen=\skip111
\glskeylisttok=\toks60
\glslabeltok=\toks61
\glsshorttok=\toks62
\glslongtok=\toks63
 (c:/texlive/2023/texmf-dist/tex/latex/glossaries/styles/glossary-hypernav.sty
Package: glossary-hypernav 2022/11/03 v4.52 (NLCT)
) (c:/texlive/2023/texmf-dist/tex/latex/glossaries/styles/glossary-list.sty
Package: glossary-list 2022/11/03 v4.52 (NLCT)
\glslistdottedwidth=\skip112
) (c:/texlive/2023/texmf-dist/tex/latex/glossaries/styles/glossary-long.sty
Package: glossary-long 2022/11/03 v4.52 (NLCT)
 (c:/texlive/2023/texmf-dist/tex/latex/tools/longtable.sty
Package: longtable 2021-09-01 v4.17 Multi-page Table package (DPC)
\LTleft=\skip113
\LTright=\skip114
\LTpre=\skip115
\LTpost=\skip116
\LTchunksize=\count400
\LTcapwidth=\dimen321
\LT@head=\box134
\LT@firsthead=\box135
\LT@foot=\box136
\LT@lastfoot=\box137
\LT@gbox=\box138
\LT@cols=\count401
\LT@rows=\count402
\c@LT@tables=\count403
\c@LT@chunks=\count404
\LT@p@ftn=\toks64
)
\glsdescwidth=\skip117
\glspagelistwidth=\skip118
) (c:/texlive/2023/texmf-dist/tex/latex/glossaries/styles/glossary-super.sty
Package: glossary-super 2022/11/03 v4.52 (NLCT)
 (c:/texlive/2023/texmf-dist/tex/latex/supertabular/supertabular.sty
Package: supertabular 2020/02/02 v4.1g the supertabular environment
\c@tracingst=\count405
\ST@wd=\dimen322
\ST@rightskip=\skip119
\ST@leftskip=\skip120
\ST@parfillskip=\skip121
\ST@pageleft=\dimen323
\ST@headht=\dimen324
\ST@tailht=\dimen325
\ST@pagesofar=\dimen326
\ST@pboxht=\dimen327
\ST@lineht=\dimen328
\ST@prevht=\dimen329
\ST@toadd=\dimen330
\ST@dimen=\dimen331
\ST@pbox=\box139
)) (c:/texlive/2023/texmf-dist/tex/latex/glossaries/styles/glossary-tree.sty
Package: glossary-tree 2022/11/03 v4.52 (NLCT)
\glstreeindent=\skip122
))
\glswrite=\write6
\glo@main@file=\write7
\openout7 = `main_servidor.glo'.

Package glossaries Info: Writing glossary file main_servidor.glo on input line 74.
 (./glosario/abrv.tex) (c:/texlive/2023/texmf-dist/tex/latex/libertine/libertine.sty
Package: libertine 2022/09/12 (Bob Tennent) Supports Libertine and Biolinum fonts for all LaTeX engines.
 (c:/texlive/2023/texmf-dist/tex/generic/iftex/ifxetex.sty
Package: ifxetex 2019/10/25 v0.7 ifxetex legacy package. Use iftex instead.
) (c:/texlive/2023/texmf-dist/tex/latex/base/fontenc.sty
Package: fontenc 2021/04/29 v2.0v Standard LaTeX package
) (c:/texlive/2023/texmf-dist/tex/latex/fontaxes/fontaxes.sty
Package: fontaxes 2020/07/21 v1.0e Font selection axes
LaTeX Info: Redefining \upshape on input line 29.
LaTeX Info: Redefining \itshape on input line 31.
LaTeX Info: Redefining \slshape on input line 33.
LaTeX Info: Redefining \swshape on input line 35.
LaTeX Info: Redefining \scshape on input line 37.
LaTeX Info: Redefining \sscshape on input line 39.
LaTeX Info: Redefining \ulcshape on input line 41.
LaTeX Info: Redefining \textsw on input line 47.
LaTeX Info: Redefining \textssc on input line 48.
LaTeX Info: Redefining \textulc on input line 49.
)
LaTeX Info: Redefining \oldstylenums on input line 483.
 (c:/texlive/2023/texmf-dist/tex/latex/libertine/LinLibertine_I.tex)) (c:/texlive/2023/texmf-dist/tex/latex/bera/beramono.sty
Package: beramono 2004/01/31 (WaS)
) (c:/texlive/2023/texmf-dist/tex/latex/changepage/changepage.sty
Package: changepage 2009/10/20 v1.0c check page and change page layout
\c@cp@cntr=\count406
\cp@tempcnt=\count407
) (c:/texlive/2023/texmf-dist/tex/latex/svg/svg.sty
Package: svg 2020/11/26 v2.02k (include SVG pictures)
 (c:/texlive/2023/texmf-dist/tex/latex/koma-script/scrbase.sty
Package: scrbase 2023/07/07 v3.41 KOMA-Script package (KOMA-Script-independent basics and keyval usage)
 (c:/texlive/2023/texmf-dist/tex/latex/koma-script/scrlfile.sty
Package: scrlfile 2023/07/07 v3.41 KOMA-Script package (file load hooks)
 (c:/texlive/2023/texmf-dist/tex/latex/koma-script/scrlfile-hook.sty
Package: scrlfile-hook 2023/07/07 v3.41 KOMA-Script package (using LaTeX hooks)
 (c:/texlive/2023/texmf-dist/tex/latex/koma-script/scrlogo.sty
Package: scrlogo 2023/07/07 v3.41 KOMA-Script package (logo)
)))
Applying: [2021/05/01] Usage of raw or classic option list on input line 252.
Already applied: [0000/00/00] Usage of raw or classic option list on input line 368.
)
\c@svg@param@lastpage=\count408
\svg@box=\box140
\c@svg@param@currpage=\count409
) (c:/texlive/2023/texmf-dist/tex/latex/transparent/transparent.sty
Package: transparent 2022-10-27 v1.5 Transparency with color stacks
 (c:/texlive/2023/texmf-dist/tex/latex/transparent/transparent-nometadata.sty
Package: transparent-nometadata 2022-10-27 v1.5 Transparency via pdfTeX's color stack (HO)
))
runsystem(for ^%i in (pygmentize.exe pygmentize.bat pygmentize.cmd) do set > main_servidor.aex <nul: /p x=^%~$PATH:i>> main_servidor.aex)...executed.

runsystem(del main_servidor.aex)...executed.

LaTeX Font Info:    Trying to load font information for T1+LinuxLibertineT-TLF on input line 130.
 (c:/texlive/2023/texmf-dist/tex/latex/libertine/T1LinuxLibertineT-TLF.fd
File: T1LinuxLibertineT-TLF.fd 2017/03/20 (autoinst) Font definitions for T1/LinuxLibertineT-TLF.
)
LaTeX Font Info:    Font shape `T1/LinuxLibertineT-TLF/m/n' will be
(Font)              scaled to size 10.0pt on input line 130.
 (c:/texlive/2023/texmf-dist/tex/latex/l3backend/l3backend-pdftex.def
File: l3backend-pdftex.def 2023-04-19 L3 backend support: PDF output (pdfTeX)
\l__color_backend_stack_int=\count410
\l__pdf_internal_box=\box141
) (./main_servidor.aux
LaTeX Info: Redefining \. on input line 29.
LaTeX Info: Redefining \% on input line 29.
 (./documento_general/doc_conf_ssh.aux

LaTeX Warning: Label `fig:adduser-sudo' multiply defined.


LaTeX Warning: Label `fig:adduser-sudo' multiply defined.


LaTeX Warning: Label `fig:creamos_authorized_keys' multiply defined.


LaTeX Warning: Label `fig:creamos_authorized_keys' multiply defined.


LaTeX Warning: Label `fig:creamos_authorized_keys' multiply defined.


LaTeX Warning: Label `fig:creamos_authorized_keys' multiply defined.

) (./anexo/apendiceA.aux))
\openout1 = `main_servidor.aux'.

LaTeX Font Info:    Checking defaults for OML/cmm/m/it on input line 130.
LaTeX Font Info:    ... okay on input line 130.
LaTeX Font Info:    Checking defaults for OMS/cmsy/m/n on input line 130.
LaTeX Font Info:    ... okay on input line 130.
LaTeX Font Info:    Checking defaults for OT1/cmr/m/n on input line 130.
LaTeX Font Info:    ... okay on input line 130.
LaTeX Font Info:    Checking defaults for T1/cmr/m/n on input line 130.
LaTeX Font Info:    ... okay on input line 130.
LaTeX Font Info:    Checking defaults for TS1/cmr/m/n on input line 130.
LaTeX Font Info:    ... okay on input line 130.
LaTeX Font Info:    Checking defaults for OMX/cmex/m/n on input line 130.
LaTeX Font Info:    ... okay on input line 130.
LaTeX Font Info:    Checking defaults for U/cmr/m/n on input line 130.
LaTeX Font Info:    ... okay on input line 130.
LaTeX Font Info:    Checking defaults for PD1/pdf/m/n on input line 130.
LaTeX Font Info:    ... okay on input line 130.
LaTeX Font Info:    Checking defaults for PU/pdf/m/n on input line 130.
LaTeX Font Info:    ... okay on input line 130.

*geometry* driver: auto-detecting
*geometry* detected driver: pdftex
*geometry* verbose mode - [ preamble ] result:
* driver: pdftex
* paper: a4paper
* layout: <same size as paper>
* layoutoffset:(h,v)=(0.0pt,0.0pt)
* modes: twoside 
* h-part:(L,W,R)=(56.9055pt, 483.69687pt, 56.9055pt)
* v-part:(T,H,B)=(56.9055pt, 731.23584pt, 56.9055pt)
* \paperwidth=597.50787pt
* \paperheight=845.04684pt
* \textwidth=483.69687pt
* \textheight=731.23584pt
* \oddsidemargin=-15.36449pt
* \evensidemargin=-15.36449pt
* \topmargin=-45.43198pt
* \headheight=12.0pt
* \headsep=18.06749pt
* \topskip=10.0pt
* \footskip=25.29494pt
* \marginparwidth=125.0pt
* \marginparsep=7.0pt
* \columnsep=10.0pt
* \skip\footins=9.0pt plus 4.0pt minus 2.0pt
* \hoffset=0.0pt
* \voffset=0.0pt
* \mag=1000
* \@twocolumnfalse
* \@twosidetrue
* \@mparswitchtrue
* \@reversemarginfalse
* (1in=72.27pt=25.4mm, 1cm=28.453pt)

(c:/texlive/2023/texmf-dist/tex/context/base/mkii/supp-pdf.mkii
[Loading MPS to PDF converter (version 2006.09.02).]
\scratchcounter=\count411
\scratchdimen=\dimen332
\scratchbox=\box142
\nofMPsegments=\count412
\nofMParguments=\count413
\everyMPshowfont=\toks65
\MPscratchCnt=\count414
\MPscratchDim=\dimen333
\MPnumerator=\count415
\makeMPintoPDFobject=\count416
\everyMPtoPDFconversion=\toks66
) (c:/texlive/2023/texmf-dist/tex/latex/epstopdf-pkg/epstopdf-base.sty
Package: epstopdf-base 2020-01-24 v2.11 Base part for package epstopdf
Package epstopdf-base Info: Redefining graphics rule for `.eps' on input line 485.
 (c:/texlive/2023/texmf-dist/tex/latex/latexconfig/epstopdf-sys.cfg
File: epstopdf-sys.cfg 2010/07/13 v1.3 Configuration of (r)epstopdf for TeX Live
))
LaTeX Info: Redefining \. on input line 130.
LaTeX Info: Redefining \% on input line 130.
\c@lstlisting=\count417
Package hyperref Info: Link coloring ON on input line 130.
 (./main_servidor.out) (./main_servidor.out)
\@outlinefile=\write8
\openout8 = `main_servidor.out'.

\c@mv@tabular=\count418
\c@mv@boldtabular=\count419
 (|'inkscape' -V )

Package svg Warning: No version of Inkscape was detected by invoking
(svg)                `inkscape -V'
(svg)                so the Inkscape export will fail quite sure as the
(svg)                command is probably unknown to your OS. You could set
(svg)                `inkscapeversion=<version>' manually but this is very
(svg)                unlikely to work on input line 130.

<./imagenes/encabezado.jpg, id=95, 1405.25pt x 350.30875pt>
File: ./imagenes/encabezado.jpg Graphic file (type jpg)
<use ./imagenes/encabezado.jpg>
Package pdftex.def Info: ./imagenes/encabezado.jpg  used on input line 137.
(pdftex.def)             Requested size: 570.68843pt x 142.26378pt.

Overfull \hbox (86.99156pt too wide) in paragraph at lines 137--137
 [][] 
 []

LaTeX Font Info:    Font shape `T1/LinuxLibertineT-TLF/m/n' will be
(Font)              scaled to size 17.28pt on input line 138.
LaTeX Font Info:    Font shape `T1/LinuxLibertineT-TLF/b/n' will be
(Font)              scaled to size 17.28pt on input line 138.
LaTeX Font Info:    Font shape `T1/LinuxLibertineT-TLF/m/n' will be
(Font)              scaled to size 24.88pt on input line 139.
LaTeX Font Info:    Font shape `T1/LinuxLibertineT-TLF/b/n' will be
(Font)              scaled to size 24.88pt on input line 139.
LaTeX Font Info:    Font shape `T1/LinuxLibertineT-TLF/m/n' will be
(Font)              scaled to size 12.0pt on input line 145.
LaTeX Font Info:    Font shape `T1/LinuxLibertineT-TLF/b/n' will be
(Font)              scaled to size 12.0pt on input line 145.
LaTeX Font Info:    Font shape `T1/LinuxLibertineT-TLF/b/n' will be
(Font)              scaled to size 10.0pt on input line 150.
[1

\openout6 = `main_servidor.ist'.


{c:/texlive/2023/texmf-var/fonts/map/pdftex/updmap/pdftex.map}{c:/texlive/2023/texmf-dist/fonts/enc/dvips/libertine/lbtn_nh77jq.enc} <./imagenes/encabezado.jpg>] (./copyright.tex
<./imagenes/license.png, id=102, 88.33pt x 31.11626pt>
File: ./imagenes/license.png Graphic file (type png)
<use ./imagenes/license.png>
Package pdftex.def Info: ./imagenes/license.png  used on input line 4.
(pdftex.def)             Requested size: 88.32977pt x 31.11617pt.
)
LaTeX Font Info:    Trying to load font information for T1+fvm on input line 164.
 (c:/texlive/2023/texmf-dist/tex/latex/bera/t1fvm.fd
File: t1fvm.fd 2004/09/07 scalable font definitions for T1/fvm.
)
LaTeX Font Info:    Font shape `T1/fvm/m/n' will be
(Font)              scaled to size 8.50006pt on input line 164.
LaTeX Font Info:    Font shape `T1/LinuxLibertineT-TLF/m/sc' will be
(Font)              scaled to size 10.0pt on input line 166.
 [1

{c:/texlive/2023/texmf-dist/fonts/enc/dvips/libertine/lbtn_76gpa5.enc}{c:/texlive/2023/texmf-dist/fonts/enc/dvips/base/8r.enc}{c:/texlive/2023/texmf-dist/fonts/enc/dvips/libertine/lbtn_ncsllp.enc} <./imagenes/license.png>] (./main_servidor.toc
LaTeX Info: Redefining \. on input line 1.
LaTeX Info: Redefining \% on input line 1.
LaTeX Font Info:    Font shape `T1/LinuxLibertineT-TLF/b/sc' will be
(Font)              scaled to size 10.0pt on input line 2.
)
\tf@toc=\write9
\openout9 = `main_servidor.toc'.

 [2

{c:/texlive/2023/texmf-dist/fonts/enc/dvips/libertine/lbtn_tlukpt.enc}] (./main_servidor.lof
LaTeX Info: Redefining \. on input line 1.
LaTeX Info: Redefining \% on input line 1.
)
\tf@lof=\write10
\openout10 = `main_servidor.lof'.

 [3

] (./main_servidor.lot
LaTeX Info: Redefining \. on input line 1.
LaTeX Info: Redefining \% on input line 1.
)
\tf@lot=\write11
\openout11 = `main_servidor.lot'.

 [4

]
No file main_servidor.gls.
[5

]
\openout2 = `documento_general/doc_conf_ssh.aux'.

 (./documento_general/doc_conf_ssh.tex
Cap\'{\i }tulo 1.
LaTeX Font Info:    Font shape `T1/fvm/b/n' will be
(Font)              scaled to size 8.50006pt on input line 7.
\openout4 = `main_servidor.pyg'.

(./_minted-main_servidor/default.pygstyle) (./_minted-main_servidor/2341376DECDAE2E29B9B9C1968BDE0B1CD1A47652589E48971D5CEA4B831848A.pygtex)
\openout4 = `main_servidor.pyg'.

 (./_minted-main_servidor/FF003BCF207AB4B49F9C91A4A0802714CD1A47652589E48971D5CEA4B831848A.pygtex)
\openout4 = `main_servidor.pyg'.

 (./_minted-main_servidor/365B17D5D6D7F23AA8AC95E7527704C4CD1A47652589E48971D5CEA4B831848A.pygtex)
<imagenes/ll_ssh.png, id=181, 312.41719pt x 107.65219pt>
File: imagenes/ll_ssh.png Graphic file (type png)
<use imagenes/ll_ssh.png>
Package pdftex.def Info: imagenes/ll_ssh.png  used on input line 53.
(pdftex.def)             Requested size: 241.84843pt x 83.33759pt.


LaTeX Warning: `!h' float specifier changed to `!ht'.

<imagenes/permisos_ssh.png, id=184, 478.03593pt x 128.73094pt>
File: imagenes/permisos_ssh.png Graphic file (type png)
<use imagenes/permisos_ssh.png>
Package pdftex.def Info: imagenes/permisos_ssh.png  used on input line 62.
(pdftex.def)             Requested size: 241.84843pt x 65.12743pt.

LaTeX Warning: `!h' float specifier changed to `!ht'.

\openout4 = `main_servidor.pyg'.

(./_minted-main_servidor/AD8F8FB5B31F4CA10FCEF2898E674049CD1A47652589E48971D5CEA4B831848A.pygtex)

LaTeX Warning: `!h' float specifier changed to `!ht'.


pdfTeX warning (ext4): destination with the same identifier (name{page.1}) has been already used, duplicate ignored
<to be read again> 
                   \relax 
l.87 
      [1



]
\openout4 = `main_servidor.pyg'.

 (./_minted-main_servidor/17DEDCE38ADEFD2164BEE64CC715314BCD1A47652589E48971D5CEA4B831848A.pygtex)
\openout4 = `main_servidor.pyg'.

 (./_minted-main_servidor/7252E809E74E291469F0728CC7A60E8BCD1A47652589E48971D5CEA4B831848A.pygtex)
\openout4 = `main_servidor.pyg'.

 (./_minted-main_servidor/91DF9E34FC58D31CBAA5C700DF6185F0CD1A47652589E48971D5CEA4B831848A.pygtex)

LaTeX Warning: `!h' float specifier changed to `!ht'.

[2 <./imagenes/ll_ssh.png> <./imagenes/permisos_ssh.png>]
<imagenes/ssh_vscode.png, id=200, 456.20438pt x 85.06781pt>
File: imagenes/ssh_vscode.png Graphic file (type png)
<use imagenes/ssh_vscode.png>
Package pdftex.def Info: imagenes/ssh_vscode.png  used on input line 149.
(pdftex.def)             Requested size: 241.84843pt x 45.0961pt.
LaTeX Font Info:    Font shape `T1/LinuxLibertineT-TLF/m/it' will be
(Font)              scaled to size 10.0pt on input line 153.
<imagenes/carpeta_local_ssh.png, id=201, 207.02344pt x 76.03406pt>
File: imagenes/carpeta_local_ssh.png Graphic file (type png)
<use imagenes/carpeta_local_ssh.png>
Package pdftex.def Info: imagenes/carpeta_local_ssh.png  used on input line 158.
(pdftex.def)             Requested size: 241.84843pt x 88.82721pt.
<imagenes/archivo_configuracion_ssh_vscode.png, id=202, 272.51813pt x 84.315pt>
File: imagenes/archivo_configuracion_ssh_vscode.png Graphic file (type png)
<use imagenes/archivo_configuracion_ssh_vscode.png>
Package pdftex.def Info: imagenes/archivo_configuracion_ssh_vscode.png  used on input line 166.
(pdftex.def)             Requested size: 241.84843pt x 74.82524pt.
<imagenes/esquina_inferior_izquierda.png, id=203, 321.45094pt x 272.51813pt>
File: imagenes/esquina_inferior_izquierda.png Graphic file (type png)
<use imagenes/esquina_inferior_izquierda.png>
Package pdftex.def Info: imagenes/esquina_inferior_izquierda.png  used on input line 172.
(pdftex.def)             Requested size: 241.84843pt x 205.04094pt.


LaTeX Warning: `!h' float specifier changed to `!ht'.

<imagenes/connect_to_host_vscode.png, id=204, 184.43906pt x 105.39375pt>
File: imagenes/connect_to_host_vscode.png Graphic file (type png)
<use imagenes/connect_to_host_vscode.png>
Package pdftex.def Info: imagenes/connect_to_host_vscode.png  used on input line 178.
(pdftex.def)             Requested size: 241.84843pt x 138.19867pt.

LaTeX Warning: `!h' float specifier changed to `!ht'.

<imagenes/azure.png, id=205, 140.77594pt x 18.0675pt>
File: imagenes/azure.png Graphic file (type png)
<use imagenes/azure.png>
Package pdftex.def Info: imagenes/azure.png  used on input line 184.
(pdftex.def)             Requested size: 241.84843pt x 31.04128pt.

LaTeX Warning: `!h' float specifier changed to `!ht'.

[3{c:/texlive/2023/texmf-dist/fonts/enc/dvips/libertine/lbtn_7grukw.enc} <./imagenes/ssh_vscode.png> <./imagenes/carpeta_local_ssh.png> <./imagenes/archivo_configuracion_ssh_vscode.png>]
\openout4 = `main_servidor.pyg'.

 (./_minted-main_servidor/A6B704B3427A387AE2ACAAE4E4603B3ECD1A47652589E48971D5CEA4B831848A.pygtex)
\openout4 = `main_servidor.pyg'.

 (./_minted-main_servidor/B2229FDDFEC97D5064D8ABB49EC21C74CD1A47652589E48971D5CEA4B831848A.pygtex)) [4 <./imagenes/esquina_inferior_izquierda.png> <./imagenes/connect_to_host_vscode.png> <./imagenes/azure.png>]
No file main_servidor.bbl.
\openout2 = `anexo/apendiceA.aux'.

No file anexo/apendiceA.tex.
(./main_servidor.aux
LaTeX Info: Redefining \. on input line 29.
LaTeX Info: Redefining \% on input line 29.
 (./documento_general/doc_conf_ssh.aux) (./anexo/apendiceA.aux))
 ***********
LaTeX2e <2023-06-01> patch level 1
L3 programming layer <2023-08-29>
 ***********


LaTeX Warning: There were multiply-defined labels.

Package rerunfilecheck Info: File `main_servidor.out' has not changed.
(rerunfilecheck)             Checksum: C90FF59FC8CB083FB761B17D03CC85F7;2749.
runsystem(del main_servidor.pyg)...executed.

 ) 
Here is how much of TeX's memory you used:
 41051 strings out of 474928
 823778 string characters out of 5763562
 1929785 words of memory out of 5000000
 61790 multiletter control sequences out of 15000+600000
 615097 words of font info for 62 fonts, out of 8000000 for 9000
 1141 hyphenation exceptions out of 8191
 94i,7n,99p,2257b,580s stack positions out of 10000i,1000n,20000p,200000b,200000s
<c:/texlive/2023/texmf-dist/fonts/type1/public/libertine/LinLibertineT.pfb><c:/texlive/2023/texmf-dist/fonts/type1/public/libertine/LinLibertineTB.pfb><c:/texlive/2023/texmf-dist/fonts/type1/public/libertine/LinLibertineTI.pfb><c:/texlive/2023/texmf-dist/fonts/type1/public/bera/fvmb8a.pfb><c:/texlive/2023/texmf-dist/fonts/type1/public/bera/fvmr8a.pfb>
Output written on main_servidor.pdf (10 pages, 412734 bytes).
PDF statistics:
 266 PDF objects out of 1000 (max. 8388607)
 197 compressed objects within 2 object streams
 42 named destinations out of 1000 (max. 500000)
 311 words of extra memory for PDF output out of 10000 (max. 10000000)

